# JRE version: OpenJDK Runtime Environment (8.0_152-b01) (build 1.8.0_152-release-1248-b01)
# Java VM: OpenJDK 64-Bit Server VM (25.152-b01 mixed mode windows-amd64 compressed oops)
Heap:
 PSYoungGen      total 268800K, used 51288K [0x00000000e0000000, 0x00000000f4f00000, 0x0000000100000000)
  eden space 244736K, 20% used [0x00000000e0000000,0x00000000e3216198,0x00000000eef00000)
  from space 24064K, 0% used [0x00000000f0500000,0x00000000f0500000,0x00000000f1c80000)
  to   space 22528K, 0% used [0x00000000eef00000,0x00000000eef00000,0x00000000f0500000)
 ParOldGen       total 130560K, used 44133K [0x00000000a0000000, 0x00000000a7f80000, 0x00000000e0000000)
  object space 130560K, 33% used [0x00000000a0000000,0x00000000a2b19680,0x00000000a7f80000)
 Metaspace       used 59931K, capacity 61814K, committed 61976K, reserved 1101824K
  class space    used 8182K, capacity 8649K, committed 8736K, reserved 1048576K
GC Heap History (10 events):
Event: 7.387 GC heap before
{Heap before GC invocations=9 (full 2):
 PSYoungGen      total 140800K, used 9727K [0x00000000e0000000, 0x00000000ee580000, 0x0000000100000000)
  eden space 131072K, 0% used [0x00000000e0000000,0x00000000e0000000,0x00000000e8000000)
  from space 9728K, 99% used [0x00000000e8000000,0x00000000e897fe78,0x00000000e8980000)
  to   space 12800K, 0% used [0x00000000ed900000,0x00000000ed900000,0x00000000ee580000)
 ParOldGen       total 53248K, used 12141K [0x00000000a0000000, 0x00000000a3400000, 0x00000000e0000000)
  object space 53248K, 22% used [0x00000000a0000000,0x00000000a0bdb670,0x00000000a3400000)
 Metaspace       used 34633K, capacity 35210K, committed 35496K, reserved 1079296K
  class space    used 4802K, capacity 5033K, committed 5040K, reserved 1048576K
Event: 7.430 GC heap after
Heap after GC invocations=9 (full 2):
 PSYoungGen      total 140800K, used 0K [0x00000000e0000000, 0x00000000ee580000, 0x0000000100000000)
  eden space 131072K, 0% used [0x00000000e0000000,0x00000000e0000000,0x00000000e8000000)
  from space 9728K, 0% used [0x00000000e8000000,0x00000000e8000000,0x00000000e8980000)
  to   space 12800K, 0% used [0x00000000ed900000,0x00000000ed900000,0x00000000ee580000)
 ParOldGen       total 87552K, used 19752K [0x00000000a0000000, 0x00000000a5580000, 0x00000000e0000000)
  object space 87552K, 22% used [0x00000000a0000000,0x00000000a134a3e8,0x00000000a5580000)
 Metaspace       used 34633K, capacity 35210K, committed 35496K, reserved 1079296K
  class space    used 4802K, capacity 5033K, committed 5040K, reserved 1048576K
}
Event: 8.294 GC heap before
{Heap before GC invocations=10 (full 2):
 PSYoungGen      total 140800K, used 131072K [0x00000000e0000000, 0x00000000ee580000, 0x0000000100000000)
  eden space 131072K, 100% used [0x00000000e0000000,0x00000000e8000000,0x00000000e8000000)
  from space 9728K, 0% used [0x00000000e8000000,0x00000000e8000000,0x00000000e8980000)
  to   space 12800K, 0% used [0x00000000ed900000,0x00000000ed900000,0x00000000ee580000)
 ParOldGen       total 87552K, used 19752K [0x00000000a0000000, 0x00000000a5580000, 0x00000000e0000000)
  object space 87552K, 22% used [0x00000000a0000000,0x00000000a134a3e8,0x00000000a5580000)
 Metaspace       used 41929K, capacity 42816K, committed 43176K, reserved 1087488K
  class space    used 5657K, capacity 5955K, committed 6064K, reserved 1048576K
Event: 8.305 GC heap after
Heap after GC invocations=10 (full 2):
 PSYoungGen      total 204288K, used 12782K [0x00000000e0000000, 0x00000000ee580000, 0x0000000100000000)
  eden space 191488K, 0% used [0x00000000e0000000,0x00000000e0000000,0x00000000ebb00000)
  from space 12800K, 99% used [0x00000000ed900000,0x00000000ee57ba78,0x00000000ee580000)
  to   space 15872K, 0% used [0x00000000ec680000,0x00000000ec680000,0x00000000ed600000)
 ParOldGen       total 87552K, used 22464K [0x00000000a0000000, 0x00000000a5580000, 0x00000000e0000000)
  object space 87552K, 25% used [0x00000000a0000000,0x00000000a15f0268,0x00000000a5580000)
 Metaspace       used 41929K, capacity 42816K, committed 43176K, reserved 1087488K
  class space    used 5657K, capacity 5955K, committed 6064K, reserved 1048576K
}
Event: 10.056 GC heap before
{Heap before GC invocations=11 (full 2):
 PSYoungGen      total 204288K, used 204270K [0x00000000e0000000, 0x00000000ee580000, 0x0000000100000000)
  eden space 191488K, 100% used [0x00000000e0000000,0x00000000ebb00000,0x00000000ebb00000)
  from space 12800K, 99% used [0x00000000ed900000,0x00000000ee57ba78,0x00000000ee580000)
  to   space 15872K, 0% used [0x00000000ec680000,0x00000000ec680000,0x00000000ed600000)
 ParOldGen       total 87552K, used 22464K [0x00000000a0000000, 0x00000000a5580000, 0x00000000e0000000)
  object space 87552K, 25% used [0x00000000a0000000,0x00000000a15f0268,0x00000000a5580000)
 Metaspace       used 56710K, capacity 58492K, committed 58792K, reserved 1099776K
  class space    used 7821K, capacity 8304K, committed 8368K, reserved 1048576K
Event: 10.076 GC heap after
Heap after GC invocations=11 (full 2):
 PSYoungGen      total 219136K, used 15864K [0x00000000e0000000, 0x00000000f1c80000, 0x0000000100000000)
  eden space 203264K, 0% used [0x00000000e0000000,0x00000000e0000000,0x00000000ec680000)
  from space 15872K, 99% used [0x00000000ec680000,0x00000000ed5fe080,0x00000000ed600000)
  to   space 24064K, 0% used [0x00000000f0500000,0x00000000f0500000,0x00000000f1c80000)
 ParOldGen       total 87552K, used 37397K [0x00000000a0000000, 0x00000000a5580000, 0x00000000e0000000)
  object space 87552K, 42% used [0x00000000a0000000,0x00000000a2485690,0x00000000a5580000)
 Metaspace       used 56710K, capacity 58492K, committed 58792K, reserved 1099776K
  class space    used 7821K, capacity 8304K, committed 8368K, reserved 1048576K
}
Event: 10.135 GC heap before
{Heap before GC invocations=12 (full 2):
 PSYoungGen      total 219136K, used 27114K [0x00000000e0000000, 0x00000000f1c80000, 0x0000000100000000)
  eden space 203264K, 5% used [0x00000000e0000000,0x00000000e0afc8f0,0x00000000ec680000)
  from space 15872K, 99% used [0x00000000ec680000,0x00000000ed5fe080,0x00000000ed600000)
  to   space 24064K, 0% used [0x00000000f0500000,0x00000000f0500000,0x00000000f1c80000)
 ParOldGen       total 87552K, used 37397K [0x00000000a0000000, 0x00000000a5580000, 0x00000000e0000000)
  object space 87552K, 42% used [0x00000000a0000000,0x00000000a2485690,0x00000000a5580000)
 Metaspace       used 57258K, capacity 59036K, committed 59160K, reserved 1099776K
  class space    used 7907K, capacity 8400K, committed 8480K, reserved 1048576K
Event: 10.148 GC heap after
Heap after GC invocations=12 (full 2):
 PSYoungGen      total 268800K, used 10570K [0x00000000e0000000, 0x00000000f4f00000, 0x0000000100000000)
  eden space 244736K, 0% used [0x00000000e0000000,0x00000000e0000000,0x00000000eef00000)
  from space 24064K, 43% used [0x00000000f0500000,0x00000000f0f52ae8,0x00000000f1c80000)
  to   space 22528K, 0% used [0x00000000eef00000,0x00000000eef00000,0x00000000f0500000)
 ParOldGen       total 87552K, used 43559K [0x00000000a0000000, 0x00000000a5580000, 0x00000000e0000000)
  object space 87552K, 49% used [0x00000000a0000000,0x00000000a2a89fd8,0x00000000a5580000)
 Metaspace       used 57258K, capacity 59036K, committed 59160K, reserved 1099776K
  class space    used 7907K, capacity 8400K, committed 8480K, reserved 1048576K
}
Event: 10.148 GC heap before
{Heap before GC invocations=13 (full 3):
 PSYoungGen      total 268800K, used 10570K [0x00000000e0000000, 0x00000000f4f00000, 0x0000000100000000)
  eden space 244736K, 0% used [0x00000000e0000000,0x00000000e0000000,0x00000000eef00000)
  from space 24064K, 43% used [0x00000000f0500000,0x00000000f0f52ae8,0x00000000f1c80000)
  to   space 22528K, 0% used [0x00000000eef00000,0x00000000eef00000,0x00000000f0500000)
 ParOldGen       total 87552K, used 43559K [0x00000000a0000000, 0x00000000a5580000, 0x00000000e0000000)
  object space 87552K, 49% used [0x00000000a0000000,0x00000000a2a89fd8,0x00000000a5580000)
 Metaspace       used 57258K, capacity 59036K, committed 59160K, reserved 1099776K
  class space    used 7907K, capacity 8400K, committed 8480K, reserved 1048576K
Event: 10.293 GC heap after
Heap after GC invocations=13 (full 3):
 PSYoungGen      total 268800K, used 0K [0x00000000e0000000, 0x00000000f4f00000, 0x0000000100000000)
  eden space 244736K, 0% used [0x00000000e0000000,0x00000000e0000000,0x00000000eef00000)
  from space 24064K, 0% used [0x00000000f0500000,0x00000000f0500000,0x00000000f1c80000)
  to   space 22528K, 0% used [0x00000000eef00000,0x00000000eef00000,0x00000000f0500000)
 ParOldGen       total 130560K, used 44133K [0x00000000a0000000, 0x00000000a7f80000, 0x00000000e0000000)
  object space 130560K, 33% used [0x00000000a0000000,0x00000000a2b19680,0x00000000a7f80000)
 Metaspace       used 57258K, capacity 59036K, committed 59160K, reserved 1099776K
  class space    used 7907K, capacity 8400K, committed 8480K, reserved 1048576K
}

