# JRE version: OpenJDK Runtime Environment (8.0_152-b01) (build 1.8.0_152-release-1248-b01)
# Java VM: OpenJDK 64-Bit Server VM (25.152-b01 mixed mode windows-amd64 compressed oops)
Heap:
 PSYoungGen      total 141824K, used 82244K [0x00000000e0000000, 0x00000000eba00000, 0x0000000100000000)
  eden space 131072K, 54% used [0x00000000e0000000,0x00000000e463d6d0,0x00000000e8000000)
  from space 10752K, 95% used [0x00000000e8380000,0x00000000e8d93a08,0x00000000e8e00000)
  to   space 29696K, 0% used [0x00000000e9d00000,0x00000000e9d00000,0x00000000eba00000)
 ParOldGen       total 146944K, used 70126K [0x00000000a0000000, 0x00000000a8f80000, 0x00000000e0000000)
  object space 146944K, 47% used [0x00000000a0000000,0x00000000a447b8b0,0x00000000a8f80000)
 Metaspace       used 93487K, capacity 97608K, committed 97792K, reserved 1134592K
  class space    used 12028K, capacity 12967K, committed 13056K, reserved 1048576K
GC Heap History (10 events):
Event: 758.008 GC heap before
{Heap before GC invocations=22 (full 3):
 PSYoungGen      total 161280K, used 158646K [0x00000000e0000000, 0x00000000eb580000, 0x0000000100000000)
  eden space 140800K, 100% used [0x00000000e0000000,0x00000000e8980000,0x00000000e8980000)
  from space 20480K, 87% used [0x00000000ea000000,0x00000000eb16d9c8,0x00000000eb400000)
  to   space 22528K, 0% used [0x00000000e8980000,0x00000000e8980000,0x00000000e9f80000)
 ParOldGen       total 146944K, used 47350K [0x00000000a0000000, 0x00000000a8f80000, 0x00000000e0000000)
  object space 146944K, 32% used [0x00000000a0000000,0x00000000a2e3d818,0x00000000a8f80000)
 Metaspace       used 86151K, capacity 89232K, committed 89344K, reserved 1126400K
  class space    used 11261K, capacity 12006K, committed 12032K, reserved 1048576K
Event: 758.024 GC heap after
Heap after GC invocations=22 (full 3):
 PSYoungGen      total 159744K, used 22523K [0x00000000e0000000, 0x00000000eba00000, 0x0000000100000000)
  eden space 137216K, 0% used [0x00000000e0000000,0x00000000e0000000,0x00000000e8600000)
  from space 22528K, 99% used [0x00000000e8980000,0x00000000e9f7ece8,0x00000000e9f80000)
  to   space 26624K, 0% used [0x00000000ea000000,0x00000000ea000000,0x00000000eba00000)
 ParOldGen       total 146944K, used 49604K [0x00000000a0000000, 0x00000000a8f80000, 0x00000000e0000000)
  object space 146944K, 33% used [0x00000000a0000000,0x00000000a3071160,0x00000000a8f80000)
 Metaspace       used 86151K, capacity 89232K, committed 89344K, reserved 1126400K
  class space    used 11261K, capacity 12006K, committed 12032K, reserved 1048576K
}
Event: 758.550 GC heap before
{Heap before GC invocations=23 (full 3):
 PSYoungGen      total 159744K, used 159739K [0x00000000e0000000, 0x00000000eba00000, 0x0000000100000000)
  eden space 137216K, 100% used [0x00000000e0000000,0x00000000e8600000,0x00000000e8600000)
  from space 22528K, 99% used [0x00000000e8980000,0x00000000e9f7ece8,0x00000000e9f80000)
  to   space 26624K, 0% used [0x00000000ea000000,0x00000000ea000000,0x00000000eba00000)
 ParOldGen       total 146944K, used 49604K [0x00000000a0000000, 0x00000000a8f80000, 0x00000000e0000000)
  object space 146944K, 33% used [0x00000000a0000000,0x00000000a3071160,0x00000000a8f80000)
 Metaspace       used 86177K, capacity 89296K, committed 89344K, reserved 1126400K
  class space    used 11262K, capacity 12006K, committed 12032K, reserved 1048576K
Event: 758.566 GC heap after
Heap after GC invocations=23 (full 3):
 PSYoungGen      total 164864K, used 12899K [0x00000000e0000000, 0x00000000ec780000, 0x0000000100000000)
  eden space 138240K, 0% used [0x00000000e0000000,0x00000000e0000000,0x00000000e8700000)
  from space 26624K, 48% used [0x00000000ea000000,0x00000000eac98f80,0x00000000eba00000)
  to   space 25600K, 0% used [0x00000000e8700000,0x00000000e8700000,0x00000000ea000000)
 ParOldGen       total 146944K, used 63188K [0x00000000a0000000, 0x00000000a8f80000, 0x00000000e0000000)
  object space 146944K, 43% used [0x00000000a0000000,0x00000000a3db52a8,0x00000000a8f80000)
 Metaspace       used 86177K, capacity 89296K, committed 89344K, reserved 1126400K
  class space    used 11262K, capacity 12006K, committed 12032K, reserved 1048576K
}
Event: 760.577 GC heap before
{Heap before GC invocations=24 (full 3):
 PSYoungGen      total 164864K, used 151139K [0x00000000e0000000, 0x00000000ec780000, 0x0000000100000000)
  eden space 138240K, 100% used [0x00000000e0000000,0x00000000e8700000,0x00000000e8700000)
  from space 26624K, 48% used [0x00000000ea000000,0x00000000eac98f80,0x00000000eba00000)
  to   space 25600K, 0% used [0x00000000e8700000,0x00000000e8700000,0x00000000ea000000)
 ParOldGen       total 146944K, used 63188K [0x00000000a0000000, 0x00000000a8f80000, 0x00000000e0000000)
  object space 146944K, 43% used [0x00000000a0000000,0x00000000a3db52a8,0x00000000a8f80000)
 Metaspace       used 90087K, capacity 93408K, committed 93568K, reserved 1130496K
  class space    used 11611K, capacity 12396K, committed 12416K, reserved 1048576K
Event: 760.597 GC heap after
Heap after GC invocations=24 (full 3):
 PSYoungGen      total 163840K, used 25593K [0x00000000e0000000, 0x00000000ed300000, 0x0000000100000000)
  eden space 138240K, 0% used [0x00000000e0000000,0x00000000e0000000,0x00000000e8700000)
  from space 25600K, 99% used [0x00000000e8700000,0x00000000e9ffe658,0x00000000ea000000)
  to   space 31232K, 0% used [0x00000000eb480000,0x00000000eb480000,0x00000000ed300000)
 ParOldGen       total 146944K, used 67502K [0x00000000a0000000, 0x00000000a8f80000, 0x00000000e0000000)
  object space 146944K, 45% used [0x00000000a0000000,0x00000000a41eb800,0x00000000a8f80000)
 Metaspace       used 90087K, capacity 93408K, committed 93568K, reserved 1130496K
  class space    used 11611K, capacity 12396K, committed 12416K, reserved 1048576K
}
Event: 2432.458 GC heap before
{Heap before GC invocations=25 (full 3):
 PSYoungGen      total 163840K, used 163833K [0x00000000e0000000, 0x00000000ed300000, 0x0000000100000000)
  eden space 138240K, 100% used [0x00000000e0000000,0x00000000e8700000,0x00000000e8700000)
  from space 25600K, 99% used [0x00000000e8700000,0x00000000e9ffe658,0x00000000ea000000)
  to   space 31232K, 0% used [0x00000000eb480000,0x00000000eb480000,0x00000000ed300000)
 ParOldGen       total 146944K, used 67502K [0x00000000a0000000, 0x00000000a8f80000, 0x00000000e0000000)
  object space 146944K, 45% used [0x00000000a0000000,0x00000000a41eb800,0x00000000a8f80000)
 Metaspace       used 90913K, capacity 94380K, committed 94464K, reserved 1130496K
  class space    used 11683K, capacity 12483K, committed 12544K, reserved 1048576K
Event: 2432.581 GC heap after
Heap after GC invocations=25 (full 3):
 PSYoungGen      total 146944K, used 2395K [0x00000000e0000000, 0x00000000ec080000, 0x0000000100000000)
  eden space 134656K, 0% used [0x00000000e0000000,0x00000000e0000000,0x00000000e8380000)
  from space 12288K, 19% used [0x00000000eb480000,0x00000000eb6d6e58,0x00000000ec080000)
  to   space 31232K, 0% used [0x00000000e8380000,0x00000000e8380000,0x00000000ea200000)
 ParOldGen       total 146944K, used 70118K [0x00000000a0000000, 0x00000000a8f80000, 0x00000000e0000000)
  object space 146944K, 47% used [0x00000000a0000000,0x00000000a44798b0,0x00000000a8f80000)
 Metaspace       used 90913K, capacity 94380K, committed 94464K, reserved 1130496K
  class space    used 11683K, capacity 12483K, committed 12544K, reserved 1048576K
}
Event: 2738.881 GC heap before
{Heap before GC invocations=26 (full 3):
 PSYoungGen      total 146944K, used 137051K [0x00000000e0000000, 0x00000000ec080000, 0x0000000100000000)
  eden space 134656K, 100% used [0x00000000e0000000,0x00000000e8380000,0x00000000e8380000)
  from space 12288K, 19% used [0x00000000eb480000,0x00000000eb6d6e58,0x00000000ec080000)
  to   space 31232K, 0% used [0x00000000e8380000,0x00000000e8380000,0x00000000ea200000)
 ParOldGen       total 146944K, used 70118K [0x00000000a0000000, 0x00000000a8f80000, 0x00000000e0000000)
  object space 146944K, 47% used [0x00000000a0000000,0x00000000a44798b0,0x00000000a8f80000)
 Metaspace       used 92427K, capacity 96358K, committed 96512K, reserved 1132544K
  class space    used 11881K, capacity 12784K, committed 12800K, reserved 1048576K
Event: 2738.918 GC heap after
Heap after GC invocations=26 (full 3):
 PSYoungGen      total 141824K, used 10318K [0x00000000e0000000, 0x00000000eba00000, 0x0000000100000000)
  eden space 131072K, 0% used [0x00000000e0000000,0x00000000e0000000,0x00000000e8000000)
  from space 10752K, 95% used [0x00000000e8380000,0x00000000e8d93a08,0x00000000e8e00000)
  to   space 29696K, 0% used [0x00000000e9d00000,0x00000000e9d00000,0x00000000eba00000)
 ParOldGen       total 146944K, used 70126K [0x00000000a0000000, 0x00000000a8f80000, 0x00000000e0000000)
  object space 146944K, 47% used [0x00000000a0000000,0x00000000a447b8b0,0x00000000a8f80000)
 Metaspace       used 92427K, capacity 96358K, committed 96512K, reserved 1132544K
  class space    used 11881K, capacity 12784K, committed 12800K, reserved 1048576K
}

