# JRE version: OpenJDK Runtime Environment (8.0_152-b01) (build 1.8.0_152-release-1248-b01)
# Java VM: OpenJDK 64-Bit Server VM (25.152-b01 mixed mode windows-amd64 compressed oops)
Heap:
 PSYoungGen      total 141824K, used 32767K [0x00000000e0000000, 0x00000000e9980000, 0x0000000100000000)
  eden space 135680K, 19% used [0x00000000e0000000,0x00000000e1a37af0,0x00000000e8480000)
  from space 6144K, 96% used [0x00000000e9380000,0x00000000e9948460,0x00000000e9980000)
  to   space 10752K, 0% used [0x00000000e8480000,0x00000000e8480000,0x00000000e8f00000)
 ParOldGen       total 89600K, used 26723K [0x00000000a0000000, 0x00000000a5780000, 0x00000000e0000000)
  object space 89600K, 29% used [0x00000000a0000000,0x00000000a1a18ea8,0x00000000a5780000)
 Metaspace       used 54121K, capacity 55504K, committed 55720K, reserved 1097728K
  class space    used 7148K, capacity 7540K, committed 7600K, reserved 1048576K
GC Heap History (10 events):
Event: 7.614 GC heap before
{Heap before GC invocations=14 (full 2):
 PSYoungGen      total 86016K, used 82766K [0x00000000e0000000, 0x00000000e7400000, 0x0000000100000000)
  eden space 75264K, 100% used [0x00000000e0000000,0x00000000e4980000,0x00000000e4980000)
  from space 10752K, 69% used [0x00000000e4980000,0x00000000e50d3af8,0x00000000e5400000)
  to   space 10752K, 0% used [0x00000000e6980000,0x00000000e6980000,0x00000000e7400000)
 ParOldGen       total 89600K, used 15185K [0x00000000a0000000, 0x00000000a5780000, 0x00000000e0000000)
  object space 89600K, 16% used [0x00000000a0000000,0x00000000a0ed46f0,0x00000000a5780000)
 Metaspace       used 43726K, capacity 44708K, committed 44968K, reserved 1087488K
  class space    used 5933K, capacity 6242K, committed 6320K, reserved 1048576K
Event: 7.627 GC heap after
Heap after GC invocations=14 (full 2):
 PSYoungGen      total 107008K, used 10674K [0x00000000e0000000, 0x00000000e7680000, 0x0000000100000000)
  eden space 96256K, 0% used [0x00000000e0000000,0x00000000e0000000,0x00000000e5e00000)
  from space 10752K, 99% used [0x00000000e6980000,0x00000000e73ec890,0x00000000e7400000)
  to   space 11776K, 0% used [0x00000000e5e00000,0x00000000e5e00000,0x00000000e6980000)
 ParOldGen       total 89600K, used 20009K [0x00000000a0000000, 0x00000000a5780000, 0x00000000e0000000)
  object space 89600K, 22% used [0x00000000a0000000,0x00000000a138a608,0x00000000a5780000)
 Metaspace       used 43726K, capacity 44708K, committed 44968K, reserved 1087488K
  class space    used 5933K, capacity 6242K, committed 6320K, reserved 1048576K
}
Event: 10.496 GC heap before
{Heap before GC invocations=15 (full 2):
 PSYoungGen      total 107008K, used 106930K [0x00000000e0000000, 0x00000000e7680000, 0x0000000100000000)
  eden space 96256K, 100% used [0x00000000e0000000,0x00000000e5e00000,0x00000000e5e00000)
  from space 10752K, 99% used [0x00000000e6980000,0x00000000e73ec890,0x00000000e7400000)
  to   space 11776K, 0% used [0x00000000e5e00000,0x00000000e5e00000,0x00000000e6980000)
 ParOldGen       total 89600K, used 20009K [0x00000000a0000000, 0x00000000a5780000, 0x00000000e0000000)
  object space 89600K, 22% used [0x00000000a0000000,0x00000000a138a608,0x00000000a5780000)
 Metaspace       used 51409K, capacity 52592K, committed 52776K, reserved 1095680K
  class space    used 6834K, capacity 7192K, committed 7216K, reserved 1048576K
Event: 10.504 GC heap after
Heap after GC invocations=15 (full 2):
 PSYoungGen      total 108032K, used 7575K [0x00000000e0000000, 0x00000000e8e00000, 0x0000000100000000)
  eden space 96256K, 0% used [0x00000000e0000000,0x00000000e0000000,0x00000000e5e00000)
  from space 11776K, 64% used [0x00000000e5e00000,0x00000000e6565e28,0x00000000e6980000)
  to   space 11776K, 0% used [0x00000000e8280000,0x00000000e8280000,0x00000000e8e00000)
 ParOldGen       total 89600K, used 26627K [0x00000000a0000000, 0x00000000a5780000, 0x00000000e0000000)
  object space 89600K, 29% used [0x00000000a0000000,0x00000000a1a00e98,0x00000000a5780000)
 Metaspace       used 51409K, capacity 52592K, committed 52776K, reserved 1095680K
  class space    used 6834K, capacity 7192K, committed 7216K, reserved 1048576K
}
Event: 23.392 GC heap before
{Heap before GC invocations=16 (full 2):
 PSYoungGen      total 108032K, used 103831K [0x00000000e0000000, 0x00000000e8e00000, 0x0000000100000000)
  eden space 96256K, 100% used [0x00000000e0000000,0x00000000e5e00000,0x00000000e5e00000)
  from space 11776K, 64% used [0x00000000e5e00000,0x00000000e6565e28,0x00000000e6980000)
  to   space 11776K, 0% used [0x00000000e8280000,0x00000000e8280000,0x00000000e8e00000)
 ParOldGen       total 89600K, used 26627K [0x00000000a0000000, 0x00000000a5780000, 0x00000000e0000000)
  object space 89600K, 29% used [0x00000000a0000000,0x00000000a1a00e98,0x00000000a5780000)
 Metaspace       used 52055K, capacity 53272K, committed 53416K, reserved 1095680K
  class space    used 6879K, capacity 7236K, committed 7344K, reserved 1048576K
Event: 23.398 GC heap after
Heap after GC invocations=16 (full 2):
 PSYoungGen      total 124416K, used 5213K [0x00000000e0000000, 0x00000000e8900000, 0x0000000100000000)
  eden space 117760K, 0% used [0x00000000e0000000,0x00000000e0000000,0x00000000e7300000)
  from space 6656K, 78% used [0x00000000e8280000,0x00000000e8797550,0x00000000e8900000)
  to   space 11264K, 0% used [0x00000000e7300000,0x00000000e7300000,0x00000000e7e00000)
 ParOldGen       total 89600K, used 26707K [0x00000000a0000000, 0x00000000a5780000, 0x00000000e0000000)
  object space 89600K, 29% used [0x00000000a0000000,0x00000000a1a14ea8,0x00000000a5780000)
 Metaspace       used 52055K, capacity 53272K, committed 53416K, reserved 1095680K
  class space    used 6879K, capacity 7236K, committed 7344K, reserved 1048576K
}
Event: 53.406 GC heap before
{Heap before GC invocations=17 (full 2):
 PSYoungGen      total 124416K, used 122973K [0x00000000e0000000, 0x00000000e8900000, 0x0000000100000000)
  eden space 117760K, 100% used [0x00000000e0000000,0x00000000e7300000,0x00000000e7300000)
  from space 6656K, 78% used [0x00000000e8280000,0x00000000e8797550,0x00000000e8900000)
  to   space 11264K, 0% used [0x00000000e7300000,0x00000000e7300000,0x00000000e7e00000)
 ParOldGen       total 89600K, used 26707K [0x00000000a0000000, 0x00000000a5780000, 0x00000000e0000000)
  object space 89600K, 29% used [0x00000000a0000000,0x00000000a1a14ea8,0x00000000a5780000)
 Metaspace       used 52062K, capacity 53284K, committed 53416K, reserved 1095680K
  class space    used 6880K, capacity 7238K, committed 7344K, reserved 1048576K
Event: 53.409 GC heap after
Heap after GC invocations=17 (full 2):
 PSYoungGen      total 129024K, used 4792K [0x00000000e0000000, 0x00000000e9e80000, 0x0000000100000000)
  eden space 117760K, 0% used [0x00000000e0000000,0x00000000e0000000,0x00000000e7300000)
  from space 11264K, 42% used [0x00000000e7300000,0x00000000e77ae2e8,0x00000000e7e00000)
  to   space 11264K, 0% used [0x00000000e9380000,0x00000000e9380000,0x00000000e9e80000)
 ParOldGen       total 89600K, used 26715K [0x00000000a0000000, 0x00000000a5780000, 0x00000000e0000000)
  object space 89600K, 29% used [0x00000000a0000000,0x00000000a1a16ea8,0x00000000a5780000)
 Metaspace       used 52062K, capacity 53284K, committed 53416K, reserved 1095680K
  class space    used 6880K, capacity 7238K, committed 7344K, reserved 1048576K
}
Event: 76.755 GC heap before
{Heap before GC invocations=18 (full 2):
 PSYoungGen      total 129024K, used 122552K [0x00000000e0000000, 0x00000000e9e80000, 0x0000000100000000)
  eden space 117760K, 100% used [0x00000000e0000000,0x00000000e7300000,0x00000000e7300000)
  from space 11264K, 42% used [0x00000000e7300000,0x00000000e77ae2e8,0x00000000e7e00000)
  to   space 11264K, 0% used [0x00000000e9380000,0x00000000e9380000,0x00000000e9e80000)
 ParOldGen       total 89600K, used 26715K [0x00000000a0000000, 0x00000000a5780000, 0x00000000e0000000)
  object space 89600K, 29% used [0x00000000a0000000,0x00000000a1a16ea8,0x00000000a5780000)
 Metaspace       used 52880K, capacity 54142K, committed 54184K, reserved 1095680K
  class space    used 6957K, capacity 7321K, committed 7344K, reserved 1048576K
Event: 76.760 GC heap after
Heap after GC invocations=18 (full 2):
 PSYoungGen      total 141824K, used 5921K [0x00000000e0000000, 0x00000000e9980000, 0x0000000100000000)
  eden space 135680K, 0% used [0x00000000e0000000,0x00000000e0000000,0x00000000e8480000)
  from space 6144K, 96% used [0x00000000e9380000,0x00000000e9948460,0x00000000e9980000)
  to   space 10752K, 0% used [0x00000000e8480000,0x00000000e8480000,0x00000000e8f00000)
 ParOldGen       total 89600K, used 26723K [0x00000000a0000000, 0x00000000a5780000, 0x00000000e0000000)
  object space 89600K, 29% used [0x00000000a0000000,0x00000000a1a18ea8,0x00000000a5780000)
 Metaspace       used 52880K, capacity 54142K, committed 54184K, reserved 1095680K
  class space    used 6957K, capacity 7321K, committed 7344K, reserved 1048576K
}

